# JRE version: OpenJDK Runtime Environment (8.0) (build 1.8.0-adoptopenjdk-_2018_05_19_00_59-b00)
# Java VM: OpenJDK 64-Bit Server VM (25.71-b00 mixed mode windows-amd64 compressed oops)
Heap:
 PSYoungGen      total 214016K, used 181026K [0x00000000d5c00000, 0x00000000e4e80000, 0x0000000100000000)
  eden space 201216K, 88% used [0x00000000d5c00000,0x00000000e09340f8,0x00000000e2080000)
  from space 12800K, 28% used [0x00000000e2080000,0x00000000e2414758,0x00000000e2d00000)
  to   space 9216K, 0% used [0x00000000e4580000,0x00000000e4580000,0x00000000e4e80000)
 ParOldGen       total 75776K, used 27195K [0x0000000081400000, 0x0000000085e00000, 0x00000000d5c00000)
  object space 75776K, 35% used [0x0000000081400000,0x0000000082e8efe0,0x0000000085e00000)
 Metaspace       used 38231K, capacity 39334K, committed 39640K, reserved 1083392K
  class space    used 5153K, capacity 5508K, committed 5632K, reserved 1048576K
GC Heap History (10 events):
Event: 12.715 GC heap before
{Heap before GC invocations=23 (full 2):
 PSYoungGen      total 210944K, used 202535K [0x00000000d5c00000, 0x00000000e3980000, 0x0000000100000000)
  eden space 201216K, 100% used [0x00000000d5c00000,0x00000000e2080000,0x00000000e2080000)
  from space 9728K, 13% used [0x00000000e3000000,0x00000000e3149c90,0x00000000e3980000)
  to   space 12800K, 0% used [0x00000000e2080000,0x00000000e2080000,0x00000000e2d00000)
 ParOldGen       total 75776K, used 27179K [0x0000000081400000, 0x0000000085e00000, 0x00000000d5c00000)
  object space 75776K, 35% used [0x0000000081400000,0x0000000082e8afe0,0x0000000085e00000)
 Metaspace       used 38176K, capacity 39162K, committed 39256K, reserved 1083392K
  class space    used 5144K, capacity 5474K, committed 5504K, reserved 1048576K
Event: 12.717 GC heap after
Heap after GC invocations=23 (full 2):
 PSYoungGen      total 214016K, used 1511K [0x00000000d5c00000, 0x00000000e3980000, 0x0000000100000000)
  eden space 201216K, 0% used [0x00000000d5c00000,0x00000000d5c00000,0x00000000e2080000)
  from space 12800K, 11% used [0x00000000e2080000,0x00000000e21f9c90,0x00000000e2d00000)
  to   space 9728K, 0% used [0x00000000e3000000,0x00000000e3000000,0x00000000e3980000)
 ParOldGen       total 75776K, used 27179K [0x0000000081400000, 0x0000000085e00000, 0x00000000d5c00000)
  object space 75776K, 35% used [0x0000000081400000,0x0000000082e8afe0,0x0000000085e00000)
 Metaspace       used 38176K, capacity 39162K, committed 39256K, reserved 1083392K
  class space    used 5144K, capacity 5474K, committed 5504K, reserved 1048576K
}
Event: 12.942 GC heap before
{Heap before GC invocations=24 (full 2):
 PSYoungGen      total 214016K, used 202727K [0x00000000d5c00000, 0x00000000e3980000, 0x0000000100000000)
  eden space 201216K, 100% used [0x00000000d5c00000,0x00000000e2080000,0x00000000e2080000)
  from space 12800K, 11% used [0x00000000e2080000,0x00000000e21f9c90,0x00000000e2d00000)
  to   space 9728K, 0% used [0x00000000e3000000,0x00000000e3000000,0x00000000e3980000)
 ParOldGen       total 75776K, used 27179K [0x0000000081400000, 0x0000000085e00000, 0x00000000d5c00000)
  object space 75776K, 35% used [0x0000000081400000,0x0000000082e8afe0,0x0000000085e00000)
 Metaspace       used 38176K, capacity 39162K, committed 39256K, reserved 1083392K
  class space    used 5144K, capacity 5474K, committed 5504K, reserved 1048576K
Event: 12.944 GC heap after
Heap after GC invocations=24 (full 2):
 PSYoungGen      total 210944K, used 1802K [0x00000000d5c00000, 0x00000000e3980000, 0x0000000100000000)
  eden space 201216K, 0% used [0x00000000d5c00000,0x00000000d5c00000,0x00000000e2080000)
  from space 9728K, 18% used [0x00000000e3000000,0x00000000e31c2ac8,0x00000000e3980000)
  to   space 12800K, 0% used [0x00000000e2080000,0x00000000e2080000,0x00000000e2d00000)
 ParOldGen       total 75776K, used 27179K [0x0000000081400000, 0x0000000085e00000, 0x00000000d5c00000)
  object space 75776K, 35% used [0x0000000081400000,0x0000000082e8afe0,0x0000000085e00000)
 Metaspace       used 38176K, capacity 39162K, committed 39256K, reserved 1083392K
  class space    used 5144K, capacity 5474K, committed 5504K, reserved 1048576K
}
Event: 13.054 GC heap before
{Heap before GC invocations=25 (full 2):
 PSYoungGen      total 210944K, used 203018K [0x00000000d5c00000, 0x00000000e3980000, 0x0000000100000000)
  eden space 201216K, 100% used [0x00000000d5c00000,0x00000000e2080000,0x00000000e2080000)
  from space 9728K, 18% used [0x00000000e3000000,0x00000000e31c2ac8,0x00000000e3980000)
  to   space 12800K, 0% used [0x00000000e2080000,0x00000000e2080000,0x00000000e2d00000)
 ParOldGen       total 75776K, used 27179K [0x0000000081400000, 0x0000000085e00000, 0x00000000d5c00000)
  object space 75776K, 35% used [0x0000000081400000,0x0000000082e8afe0,0x0000000085e00000)
 Metaspace       used 38193K, capacity 39232K, committed 39512K, reserved 1083392K
  class space    used 5146K, capacity 5475K, committed 5504K, reserved 1048576K
Event: 13.058 GC heap after
Heap after GC invocations=25 (full 2):
 PSYoungGen      total 214016K, used 2442K [0x00000000d5c00000, 0x00000000e3980000, 0x0000000100000000)
  eden space 201216K, 0% used [0x00000000d5c00000,0x00000000d5c00000,0x00000000e2080000)
  from space 12800K, 19% used [0x00000000e2080000,0x00000000e22e2948,0x00000000e2d00000)
  to   space 9728K, 0% used [0x00000000e3000000,0x00000000e3000000,0x00000000e3980000)
 ParOldGen       total 75776K, used 27187K [0x0000000081400000, 0x0000000085e00000, 0x00000000d5c00000)
  object space 75776K, 35% used [0x0000000081400000,0x0000000082e8cfe0,0x0000000085e00000)
 Metaspace       used 38193K, capacity 39232K, committed 39512K, reserved 1083392K
  class space    used 5146K, capacity 5475K, committed 5504K, reserved 1048576K
}
Event: 13.193 GC heap before
{Heap before GC invocations=26 (full 2):
 PSYoungGen      total 214016K, used 203658K [0x00000000d5c00000, 0x00000000e3980000, 0x0000000100000000)
  eden space 201216K, 100% used [0x00000000d5c00000,0x00000000e2080000,0x00000000e2080000)
  from space 12800K, 19% used [0x00000000e2080000,0x00000000e22e2948,0x00000000e2d00000)
  to   space 9728K, 0% used [0x00000000e3000000,0x00000000e3000000,0x00000000e3980000)
 ParOldGen       total 75776K, used 27187K [0x0000000081400000, 0x0000000085e00000, 0x00000000d5c00000)
  object space 75776K, 35% used [0x0000000081400000,0x0000000082e8cfe0,0x0000000085e00000)
 Metaspace       used 38193K, capacity 39232K, committed 39512K, reserved 1083392K
  class space    used 5146K, capacity 5475K, committed 5504K, reserved 1048576K
Event: 13.197 GC heap after
Heap after GC invocations=26 (full 2):
 PSYoungGen      total 210944K, used 3034K [0x00000000d5c00000, 0x00000000e3980000, 0x0000000100000000)
  eden space 201216K, 0% used [0x00000000d5c00000,0x00000000d5c00000,0x00000000e2080000)
  from space 9728K, 31% used [0x00000000e3000000,0x00000000e32f6880,0x00000000e3980000)
  to   space 12800K, 0% used [0x00000000e2080000,0x00000000e2080000,0x00000000e2d00000)
 ParOldGen       total 75776K, used 27195K [0x0000000081400000, 0x0000000085e00000, 0x00000000d5c00000)
  object space 75776K, 35% used [0x0000000081400000,0x0000000082e8efe0,0x0000000085e00000)
 Metaspace       used 38193K, capacity 39232K, committed 39512K, reserved 1083392K
  class space    used 5146K, capacity 5475K, committed 5504K, reserved 1048576K
}
Event: 13.317 GC heap before
{Heap before GC invocations=27 (full 2):
 PSYoungGen      total 210944K, used 204250K [0x00000000d5c00000, 0x00000000e3980000, 0x0000000100000000)
  eden space 201216K, 100% used [0x00000000d5c00000,0x00000000e2080000,0x00000000e2080000)
  from space 9728K, 31% used [0x00000000e3000000,0x00000000e32f6880,0x00000000e3980000)
  to   space 12800K, 0% used [0x00000000e2080000,0x00000000e2080000,0x00000000e2d00000)
 ParOldGen       total 75776K, used 27195K [0x0000000081400000, 0x0000000085e00000, 0x00000000d5c00000)
  object space 75776K, 35% used [0x0000000081400000,0x0000000082e8efe0,0x0000000085e00000)
 Metaspace       used 38193K, capacity 39232K, committed 39512K, reserved 1083392K
  class space    used 5146K, capacity 5475K, committed 5504K, reserved 1048576K
Event: 13.321 GC heap after
Heap after GC invocations=27 (full 2):
 PSYoungGen      total 214016K, used 3665K [0x00000000d5c00000, 0x00000000e4e80000, 0x0000000100000000)
  eden space 201216K, 0% used [0x00000000d5c00000,0x00000000d5c00000,0x00000000e2080000)
  from space 12800K, 28% used [0x00000000e2080000,0x00000000e2414758,0x00000000e2d00000)
  to   space 9216K, 0% used [0x00000000e4580000,0x00000000e4580000,0x00000000e4e80000)
 ParOldGen       total 75776K, used 27195K [0x0000000081400000, 0x0000000085e00000, 0x00000000d5c00000)
  object space 75776K, 35% used [0x0000000081400000,0x0000000082e8efe0,0x0000000085e00000)
 Metaspace       used 38193K, capacity 39232K, committed 39512K, reserved 1083392K
  class space    used 5146K, capacity 5475K, committed 5504K, reserved 1048576K
}

