# JRE version: OpenJDK Runtime Environment (8.0) (build 1.8.0-adoptopenjdk-_2018_05_19_00_59-b00)
# Java VM: OpenJDK 64-Bit Server VM (25.71-b00 mixed mode windows-amd64 compressed oops)
Heap:
 PSYoungGen      total 344064K, used 126921K [0x00000000d5c00000, 0x00000000ebb00000, 0x0000000100000000)
  eden space 328704K, 35% used [0x00000000d5c00000,0x00000000dce90010,0x00000000e9d00000)
  from space 15360K, 62% used [0x00000000e9d00000,0x00000000ea6626b0,0x00000000eac00000)
  to   space 8192K, 0% used [0x00000000eb300000,0x00000000eb300000,0x00000000ebb00000)
 ParOldGen       total 108032K, used 23185K [0x0000000081400000, 0x0000000087d80000, 0x00000000d5c00000)
  object space 108032K, 21% used [0x0000000081400000,0x0000000082aa4470,0x0000000087d80000)
 Metaspace       used 41835K, capacity 43172K, committed 43352K, reserved 1087488K
  class space    used 5616K, capacity 6004K, committed 6016K, reserved 1048576K
GC Heap History (10 events):
Event: 10.841 GC heap before
{Heap before GC invocations=17 (full 2):
 PSYoungGen      total 336896K, used 330631K [0x00000000d5c00000, 0x00000000ebb00000, 0x0000000100000000)
  eden space 328704K, 100% used [0x00000000d5c00000,0x00000000e9d00000,0x00000000e9d00000)
  from space 8192K, 23% used [0x00000000eb300000,0x00000000eb4e1ca0,0x00000000ebb00000)
  to   space 15360K, 0% used [0x00000000e9d00000,0x00000000e9d00000,0x00000000eac00000)
 ParOldGen       total 108032K, used 23169K [0x0000000081400000, 0x0000000087d80000, 0x00000000d5c00000)
  object space 108032K, 21% used [0x0000000081400000,0x0000000082aa0470,0x0000000087d80000)
 Metaspace       used 38187K, capacity 39232K, committed 39512K, reserved 1083392K
  class space    used 5145K, capacity 5475K, committed 5504K, reserved 1048576K
Event: 10.844 GC heap after
Heap after GC invocations=17 (full 2):
 PSYoungGen      total 344064K, used 640K [0x00000000d5c00000, 0x00000000ebb00000, 0x0000000100000000)
  eden space 328704K, 0% used [0x00000000d5c00000,0x00000000d5c00000,0x00000000e9d00000)
  from space 15360K, 4% used [0x00000000e9d00000,0x00000000e9da0010,0x00000000eac00000)
  to   space 8192K, 0% used [0x00000000eb300000,0x00000000eb300000,0x00000000ebb00000)
 ParOldGen       total 108032K, used 23169K [0x0000000081400000, 0x0000000087d80000, 0x00000000d5c00000)
  object space 108032K, 21% used [0x0000000081400000,0x0000000082aa0470,0x0000000087d80000)
 Metaspace       used 38187K, capacity 39232K, committed 39512K, reserved 1083392K
  class space    used 5145K, capacity 5475K, committed 5504K, reserved 1048576K
}
Event: 10.996 GC heap before
{Heap before GC invocations=18 (full 2):
 PSYoungGen      total 344064K, used 329344K [0x00000000d5c00000, 0x00000000ebb00000, 0x0000000100000000)
  eden space 328704K, 100% used [0x00000000d5c00000,0x00000000e9d00000,0x00000000e9d00000)
  from space 15360K, 4% used [0x00000000e9d00000,0x00000000e9da0010,0x00000000eac00000)
  to   space 8192K, 0% used [0x00000000eb300000,0x00000000eb300000,0x00000000ebb00000)
 ParOldGen       total 108032K, used 23169K [0x0000000081400000, 0x0000000087d80000, 0x00000000d5c00000)
  object space 108032K, 21% used [0x0000000081400000,0x0000000082aa0470,0x0000000087d80000)
 Metaspace       used 38187K, capacity 39232K, committed 39512K, reserved 1083392K
  class space    used 5145K, capacity 5475K, committed 5504K, reserved 1048576K
Event: 10.999 GC heap after
Heap after GC invocations=18 (full 2):
 PSYoungGen      total 336896K, used 1639K [0x00000000d5c00000, 0x00000000ebb00000, 0x0000000100000000)
  eden space 328704K, 0% used [0x00000000d5c00000,0x00000000d5c00000,0x00000000e9d00000)
  from space 8192K, 20% used [0x00000000eb300000,0x00000000eb499ca0,0x00000000ebb00000)
  to   space 15360K, 0% used [0x00000000e9d00000,0x00000000e9d00000,0x00000000eac00000)
 ParOldGen       total 108032K, used 23177K [0x0000000081400000, 0x0000000087d80000, 0x00000000d5c00000)
  object space 108032K, 21% used [0x0000000081400000,0x0000000082aa2470,0x0000000087d80000)
 Metaspace       used 38187K, capacity 39232K, committed 39512K, reserved 1083392K
  class space    used 5145K, capacity 5475K, committed 5504K, reserved 1048576K
}
Event: 11.139 GC heap before
{Heap before GC invocations=19 (full 2):
 PSYoungGen      total 336896K, used 330343K [0x00000000d5c00000, 0x00000000ebb00000, 0x0000000100000000)
  eden space 328704K, 100% used [0x00000000d5c00000,0x00000000e9d00000,0x00000000e9d00000)
  from space 8192K, 20% used [0x00000000eb300000,0x00000000eb499ca0,0x00000000ebb00000)
  to   space 15360K, 0% used [0x00000000e9d00000,0x00000000e9d00000,0x00000000eac00000)
 ParOldGen       total 108032K, used 23177K [0x0000000081400000, 0x0000000087d80000, 0x00000000d5c00000)
  object space 108032K, 21% used [0x0000000081400000,0x0000000082aa2470,0x0000000087d80000)
 Metaspace       used 38226K, capacity 39270K, committed 39640K, reserved 1083392K
  class space    used 5152K, capacity 5508K, committed 5632K, reserved 1048576K
Event: 11.143 GC heap after
Heap after GC invocations=19 (full 2):
 PSYoungGen      total 344064K, used 2346K [0x00000000d5c00000, 0x00000000ebb00000, 0x0000000100000000)
  eden space 328704K, 0% used [0x00000000d5c00000,0x00000000d5c00000,0x00000000e9d00000)
  from space 15360K, 15% used [0x00000000e9d00000,0x00000000e9f4aad8,0x00000000eac00000)
  to   space 8192K, 0% used [0x00000000eb300000,0x00000000eb300000,0x00000000ebb00000)
 ParOldGen       total 108032K, used 23177K [0x0000000081400000, 0x0000000087d80000, 0x00000000d5c00000)
  object space 108032K, 21% used [0x0000000081400000,0x0000000082aa2470,0x0000000087d80000)
 Metaspace       used 38226K, capacity 39270K, committed 39640K, reserved 1083392K
  class space    used 5152K, capacity 5508K, committed 5632K, reserved 1048576K
}
Event: 11.264 GC heap before
{Heap before GC invocations=20 (full 2):
 PSYoungGen      total 344064K, used 331050K [0x00000000d5c00000, 0x00000000ebb00000, 0x0000000100000000)
  eden space 328704K, 100% used [0x00000000d5c00000,0x00000000e9d00000,0x00000000e9d00000)
  from space 15360K, 15% used [0x00000000e9d00000,0x00000000e9f4aad8,0x00000000eac00000)
  to   space 8192K, 0% used [0x00000000eb300000,0x00000000eb300000,0x00000000ebb00000)
 ParOldGen       total 108032K, used 23177K [0x0000000081400000, 0x0000000087d80000, 0x00000000d5c00000)
  object space 108032K, 21% used [0x0000000081400000,0x0000000082aa2470,0x0000000087d80000)
 Metaspace       used 38227K, capacity 39270K, committed 39640K, reserved 1083392K
  class space    used 5152K, capacity 5508K, committed 5632K, reserved 1048576K
Event: 11.268 GC heap after
Heap after GC invocations=20 (full 2):
 PSYoungGen      total 336896K, used 2346K [0x00000000d5c00000, 0x00000000ebb00000, 0x0000000100000000)
  eden space 328704K, 0% used [0x00000000d5c00000,0x00000000d5c00000,0x00000000e9d00000)
  from space 8192K, 28% used [0x00000000eb300000,0x00000000eb54aad8,0x00000000ebb00000)
  to   space 15360K, 0% used [0x00000000e9d00000,0x00000000e9d00000,0x00000000eac00000)
 ParOldGen       total 108032K, used 23177K [0x0000000081400000, 0x0000000087d80000, 0x00000000d5c00000)
  object space 108032K, 21% used [0x0000000081400000,0x0000000082aa2470,0x0000000087d80000)
 Metaspace       used 38227K, capacity 39270K, committed 39640K, reserved 1083392K
  class space    used 5152K, capacity 5508K, committed 5632K, reserved 1048576K
}
Event: 13.105 GC heap before
{Heap before GC invocations=21 (full 2):
 PSYoungGen      total 336896K, used 331050K [0x00000000d5c00000, 0x00000000ebb00000, 0x0000000100000000)
  eden space 328704K, 100% used [0x00000000d5c00000,0x00000000e9d00000,0x00000000e9d00000)
  from space 8192K, 28% used [0x00000000eb300000,0x00000000eb54aad8,0x00000000ebb00000)
  to   space 15360K, 0% used [0x00000000e9d00000,0x00000000e9d00000,0x00000000eac00000)
 ParOldGen       total 108032K, used 23177K [0x0000000081400000, 0x0000000087d80000, 0x00000000d5c00000)
  object space 108032K, 21% used [0x0000000081400000,0x0000000082aa2470,0x0000000087d80000)
 Metaspace       used 41656K, capacity 42980K, committed 43096K, reserved 1087488K
  class space    used 5615K, capacity 6004K, committed 6016K, reserved 1048576K
Event: 13.120 GC heap after
Heap after GC invocations=21 (full 2):
 PSYoungGen      total 344064K, used 9609K [0x00000000d5c00000, 0x00000000ebb00000, 0x0000000100000000)
  eden space 328704K, 0% used [0x00000000d5c00000,0x00000000d5c00000,0x00000000e9d00000)
  from space 15360K, 62% used [0x00000000e9d00000,0x00000000ea6626b0,0x00000000eac00000)
  to   space 8192K, 0% used [0x00000000eb300000,0x00000000eb300000,0x00000000ebb00000)
 ParOldGen       total 108032K, used 23185K [0x0000000081400000, 0x0000000087d80000, 0x00000000d5c00000)
  object space 108032K, 21% used [0x0000000081400000,0x0000000082aa4470,0x0000000087d80000)
 Metaspace       used 41656K, capacity 42980K, committed 43096K, reserved 1087488K
  class space    used 5615K, capacity 6004K, committed 6016K, reserved 1048576K
}

