# JRE version: OpenJDK Runtime Environment (8.0) (build 1.8.0-adoptopenjdk-_2018_05_19_00_59-b00)
# Java VM: OpenJDK 64-Bit Server VM (25.71-b00 mixed mode windows-amd64 compressed oops)
Heap:
 PSYoungGen      total 194048K, used 132232K [0x00000000d5c00000, 0x00000000e2480000, 0x0000000100000000)
  eden space 182784K, 72% used [0x00000000d5c00000,0x00000000ddcaa3a0,0x00000000e0e80000)
  from space 11264K, 4% used [0x00000000e0e80000,0x00000000e0ef8000,0x00000000e1980000)
  to   space 10752K, 0% used [0x00000000e1a00000,0x00000000e1a00000,0x00000000e2480000)
 ParOldGen       total 109056K, used 27861K [0x0000000081400000, 0x0000000087e80000, 0x00000000d5c00000)
  object space 109056K, 25% used [0x0000000081400000,0x0000000082f35708,0x0000000087e80000)
 Metaspace       used 40620K, capacity 41922K, committed 42072K, reserved 1085440K
  class space    used 5549K, capacity 5960K, committed 6016K, reserved 1048576K
GC Heap History (10 events):
Event: 11.758 GC heap before
{Heap before GC invocations=27 (full 2):
 PSYoungGen      total 193536K, used 184673K [0x00000000d5c00000, 0x00000000e2480000, 0x0000000100000000)
  eden space 182784K, 100% used [0x00000000d5c00000,0x00000000e0e80000,0x00000000e0e80000)
  from space 10752K, 17% used [0x00000000e1a00000,0x00000000e1bd8738,0x00000000e2480000)
  to   space 11264K, 0% used [0x00000000e0e80000,0x00000000e0e80000,0x00000000e1980000)
 ParOldGen       total 109056K, used 26899K [0x0000000081400000, 0x0000000087e80000, 0x00000000d5c00000)
  object space 109056K, 24% used [0x0000000081400000,0x0000000082e44d88,0x0000000087e80000)
 Metaspace       used 38160K, capacity 39168K, committed 39256K, reserved 1083392K
  class space    used 5144K, capacity 5475K, committed 5504K, reserved 1048576K
Event: 11.762 GC heap after
Heap after GC invocations=27 (full 2):
 PSYoungGen      total 194048K, used 2521K [0x00000000d5c00000, 0x00000000e2480000, 0x0000000100000000)
  eden space 182784K, 0% used [0x00000000d5c00000,0x00000000d5c00000,0x00000000e0e80000)
  from space 11264K, 22% used [0x00000000e0e80000,0x00000000e10f6610,0x00000000e1980000)
  to   space 10752K, 0% used [0x00000000e1a00000,0x00000000e1a00000,0x00000000e2480000)
 ParOldGen       total 109056K, used 26899K [0x0000000081400000, 0x0000000087e80000, 0x00000000d5c00000)
  object space 109056K, 24% used [0x0000000081400000,0x0000000082e44d88,0x0000000087e80000)
 Metaspace       used 38160K, capacity 39168K, committed 39256K, reserved 1083392K
  class space    used 5144K, capacity 5475K, committed 5504K, reserved 1048576K
}
Event: 11.844 GC heap before
{Heap before GC invocations=28 (full 2):
 PSYoungGen      total 194048K, used 185305K [0x00000000d5c00000, 0x00000000e2480000, 0x0000000100000000)
  eden space 182784K, 100% used [0x00000000d5c00000,0x00000000e0e80000,0x00000000e0e80000)
  from space 11264K, 22% used [0x00000000e0e80000,0x00000000e10f6610,0x00000000e1980000)
  to   space 10752K, 0% used [0x00000000e1a00000,0x00000000e1a00000,0x00000000e2480000)
 ParOldGen       total 109056K, used 26899K [0x0000000081400000, 0x0000000087e80000, 0x00000000d5c00000)
  object space 109056K, 24% used [0x0000000081400000,0x0000000082e44d88,0x0000000087e80000)
 Metaspace       used 38198K, capacity 39206K, committed 39384K, reserved 1083392K
  class space    used 5151K, capacity 5508K, committed 5632K, reserved 1048576K
Event: 11.847 GC heap after
Heap after GC invocations=28 (full 2):
 PSYoungGen      total 193536K, used 2506K [0x00000000d5c00000, 0x00000000e2480000, 0x0000000100000000)
  eden space 182784K, 0% used [0x00000000d5c00000,0x00000000d5c00000,0x00000000e0e80000)
  from space 10752K, 23% used [0x00000000e1a00000,0x00000000e1c72ad8,0x00000000e2480000)
  to   space 11264K, 0% used [0x00000000e0e80000,0x00000000e0e80000,0x00000000e1980000)
 ParOldGen       total 109056K, used 27405K [0x0000000081400000, 0x0000000087e80000, 0x00000000d5c00000)
  object space 109056K, 25% used [0x0000000081400000,0x0000000082ec36f8,0x0000000087e80000)
 Metaspace       used 38198K, capacity 39206K, committed 39384K, reserved 1083392K
  class space    used 5151K, capacity 5508K, committed 5632K, reserved 1048576K
}
Event: 11.910 GC heap before
{Heap before GC invocations=29 (full 2):
 PSYoungGen      total 193536K, used 185290K [0x00000000d5c00000, 0x00000000e2480000, 0x0000000100000000)
  eden space 182784K, 100% used [0x00000000d5c00000,0x00000000e0e80000,0x00000000e0e80000)
  from space 10752K, 23% used [0x00000000e1a00000,0x00000000e1c72ad8,0x00000000e2480000)
  to   space 11264K, 0% used [0x00000000e0e80000,0x00000000e0e80000,0x00000000e1980000)
 ParOldGen       total 109056K, used 27405K [0x0000000081400000, 0x0000000087e80000, 0x00000000d5c00000)
  object space 109056K, 25% used [0x0000000081400000,0x0000000082ec36f8,0x0000000087e80000)
 Metaspace       used 38198K, capacity 39206K, committed 39384K, reserved 1083392K
  class space    used 5151K, capacity 5508K, committed 5632K, reserved 1048576K
Event: 11.915 GC heap after
Heap after GC invocations=29 (full 2):
 PSYoungGen      total 194048K, used 2282K [0x00000000d5c00000, 0x00000000e2480000, 0x0000000100000000)
  eden space 182784K, 0% used [0x00000000d5c00000,0x00000000d5c00000,0x00000000e0e80000)
  from space 11264K, 20% used [0x00000000e0e80000,0x00000000e10baad8,0x00000000e1980000)
  to   space 10752K, 0% used [0x00000000e1a00000,0x00000000e1a00000,0x00000000e2480000)
 ParOldGen       total 109056K, used 27573K [0x0000000081400000, 0x0000000087e80000, 0x00000000d5c00000)
  object space 109056K, 25% used [0x0000000081400000,0x0000000082eed6f8,0x0000000087e80000)
 Metaspace       used 38198K, capacity 39206K, committed 39384K, reserved 1083392K
  class space    used 5151K, capacity 5508K, committed 5632K, reserved 1048576K
}
Event: 11.969 GC heap before
{Heap before GC invocations=30 (full 2):
 PSYoungGen      total 194048K, used 185066K [0x00000000d5c00000, 0x00000000e2480000, 0x0000000100000000)
  eden space 182784K, 100% used [0x00000000d5c00000,0x00000000e0e80000,0x00000000e0e80000)
  from space 11264K, 20% used [0x00000000e0e80000,0x00000000e10baad8,0x00000000e1980000)
  to   space 10752K, 0% used [0x00000000e1a00000,0x00000000e1a00000,0x00000000e2480000)
 ParOldGen       total 109056K, used 27573K [0x0000000081400000, 0x0000000087e80000, 0x00000000d5c00000)
  object space 109056K, 25% used [0x0000000081400000,0x0000000082eed6f8,0x0000000087e80000)
 Metaspace       used 38198K, capacity 39206K, committed 39384K, reserved 1083392K
  class space    used 5151K, capacity 5508K, committed 5632K, reserved 1048576K
Event: 11.972 GC heap after
Heap after GC invocations=30 (full 2):
 PSYoungGen      total 193536K, used 2026K [0x00000000d5c00000, 0x00000000e2480000, 0x0000000100000000)
  eden space 182784K, 0% used [0x00000000d5c00000,0x00000000d5c00000,0x00000000e0e80000)
  from space 10752K, 18% used [0x00000000e1a00000,0x00000000e1bfaac8,0x00000000e2480000)
  to   space 11264K, 0% used [0x00000000e0e80000,0x00000000e0e80000,0x00000000e1980000)
 ParOldGen       total 109056K, used 27837K [0x0000000081400000, 0x0000000087e80000, 0x00000000d5c00000)
  object space 109056K, 25% used [0x0000000081400000,0x0000000082f2f708,0x0000000087e80000)
 Metaspace       used 38198K, capacity 39206K, committed 39384K, reserved 1083392K
  class space    used 5151K, capacity 5508K, committed 5632K, reserved 1048576K
}
Event: 12.065 GC heap before
{Heap before GC invocations=31 (full 2):
 PSYoungGen      total 193536K, used 184810K [0x00000000d5c00000, 0x00000000e2480000, 0x0000000100000000)
  eden space 182784K, 100% used [0x00000000d5c00000,0x00000000e0e80000,0x00000000e0e80000)
  from space 10752K, 18% used [0x00000000e1a00000,0x00000000e1bfaac8,0x00000000e2480000)
  to   space 11264K, 0% used [0x00000000e0e80000,0x00000000e0e80000,0x00000000e1980000)
 ParOldGen       total 109056K, used 27837K [0x0000000081400000, 0x0000000087e80000, 0x00000000d5c00000)
  object space 109056K, 25% used [0x0000000081400000,0x0000000082f2f708,0x0000000087e80000)
 Metaspace       used 38248K, capacity 39344K, committed 39640K, reserved 1083392K
  class space    used 5159K, capacity 5510K, committed 5632K, reserved 1048576K
Event: 12.068 GC heap after
Heap after GC invocations=31 (full 2):
 PSYoungGen      total 194048K, used 480K [0x00000000d5c00000, 0x00000000e2480000, 0x0000000100000000)
  eden space 182784K, 0% used [0x00000000d5c00000,0x00000000d5c00000,0x00000000e0e80000)
  from space 11264K, 4% used [0x00000000e0e80000,0x00000000e0ef8000,0x00000000e1980000)
  to   space 10752K, 0% used [0x00000000e1a00000,0x00000000e1a00000,0x00000000e2480000)
 ParOldGen       total 109056K, used 27861K [0x0000000081400000, 0x0000000087e80000, 0x00000000d5c00000)
  object space 109056K, 25% used [0x0000000081400000,0x0000000082f35708,0x0000000087e80000)
 Metaspace       used 38248K, capacity 39344K, committed 39640K, reserved 1083392K
  class space    used 5159K, capacity 5510K, committed 5632K, reserved 1048576K
}

