# JRE version: OpenJDK Runtime Environment (8.0) (build 1.8.0-adoptopenjdk-_2018_05_19_00_59-b00)
# Java VM: OpenJDK 64-Bit Server VM (25.71-b00 mixed mode windows-amd64 compressed oops)
Heap:
 PSYoungGen      total 205312K, used 11237K [0x00000000d5c00000, 0x00000000e3f00000, 0x0000000100000000)
  eden space 189952K, 5% used [0x00000000d5c00000,0x00000000d66f9680,0x00000000e1580000)
  from space 15360K, 0% used [0x00000000e2580000,0x00000000e2580000,0x00000000e3480000)
  to   space 16384K, 0% used [0x00000000e1580000,0x00000000e1580000,0x00000000e2580000)
 ParOldGen       total 112640K, used 19268K [0x0000000081400000, 0x0000000088200000, 0x00000000d5c00000)
  object space 112640K, 17% used [0x0000000081400000,0x00000000826d12b8,0x0000000088200000)
 Metaspace       used 34838K, capacity 35556K, committed 35800K, reserved 1079296K
  class space    used 4779K, capacity 5044K, committed 5120K, reserved 1048576K
GC Heap History (10 events):
Event: 2.800 GC heap before
{Heap before GC invocations=4 (full 0):
 PSYoungGen      total 71680K, used 40477K [0x00000000d5c00000, 0x00000000de800000, 0x0000000100000000)
  eden space 66560K, 53% used [0x00000000d5c00000,0x00000000d7e8f560,0x00000000d9d00000)
  from space 5120K, 99% used [0x00000000d9d00000,0x00000000da1f8040,0x00000000da200000)
  to   space 5120K, 0% used [0x00000000de300000,0x00000000de300000,0x00000000de800000)
 ParOldGen       total 87552K, used 5534K [0x0000000081400000, 0x0000000086980000, 0x00000000d5c00000)
  object space 87552K, 6% used [0x0000000081400000,0x00000000819678a0,0x0000000086980000)
 Metaspace       used 20737K, capacity 21100K, committed 21248K, reserved 1067008K
  class space    used 2884K, capacity 3032K, committed 3072K, reserved 1048576K
Event: 2.815 GC heap after
Heap after GC invocations=4 (full 0):
 PSYoungGen      total 138240K, used 5088K [0x00000000d5c00000, 0x00000000de800000, 0x0000000100000000)
  eden space 133120K, 0% used [0x00000000d5c00000,0x00000000d5c00000,0x00000000dde00000)
  from space 5120K, 99% used [0x00000000de300000,0x00000000de7f8050,0x00000000de800000)
  to   space 5120K, 0% used [0x00000000dde00000,0x00000000dde00000,0x00000000de300000)
 ParOldGen       total 87552K, used 10602K [0x0000000081400000, 0x0000000086980000, 0x00000000d5c00000)
  object space 87552K, 12% used [0x0000000081400000,0x0000000081e5aab8,0x0000000086980000)
 Metaspace       used 20737K, capacity 21100K, committed 21248K, reserved 1067008K
  class space    used 2884K, capacity 3032K, committed 3072K, reserved 1048576K
}
Event: 2.815 GC heap before
{Heap before GC invocations=5 (full 1):
 PSYoungGen      total 138240K, used 5088K [0x00000000d5c00000, 0x00000000de800000, 0x0000000100000000)
  eden space 133120K, 0% used [0x00000000d5c00000,0x00000000d5c00000,0x00000000dde00000)
  from space 5120K, 99% used [0x00000000de300000,0x00000000de7f8050,0x00000000de800000)
  to   space 5120K, 0% used [0x00000000dde00000,0x00000000dde00000,0x00000000de300000)
 ParOldGen       total 87552K, used 10602K [0x0000000081400000, 0x0000000086980000, 0x00000000d5c00000)
  object space 87552K, 12% used [0x0000000081400000,0x0000000081e5aab8,0x0000000086980000)
 Metaspace       used 20737K, capacity 21100K, committed 21248K, reserved 1067008K
  class space    used 2884K, capacity 3032K, committed 3072K, reserved 1048576K
Event: 2.865 GC heap after
Heap after GC invocations=5 (full 1):
 PSYoungGen      total 138240K, used 0K [0x00000000d5c00000, 0x00000000de800000, 0x0000000100000000)
  eden space 133120K, 0% used [0x00000000d5c00000,0x00000000d5c00000,0x00000000dde00000)
  from space 5120K, 0% used [0x00000000de300000,0x00000000de300000,0x00000000de800000)
  to   space 5120K, 0% used [0x00000000dde00000,0x00000000dde00000,0x00000000de300000)
 ParOldGen       total 68608K, used 9950K [0x0000000081400000, 0x0000000085700000, 0x00000000d5c00000)
  object space 68608K, 14% used [0x0000000081400000,0x0000000081db7bd0,0x0000000085700000)
 Metaspace       used 20737K, capacity 21100K, committed 21248K, reserved 1067008K
  class space    used 2884K, capacity 3032K, committed 3072K, reserved 1048576K
}
Event: 4.394 GC heap before
{Heap before GC invocations=6 (full 1):
 PSYoungGen      total 138240K, used 133120K [0x00000000d5c00000, 0x00000000de800000, 0x0000000100000000)
  eden space 133120K, 100% used [0x00000000d5c00000,0x00000000dde00000,0x00000000dde00000)
  from space 5120K, 0% used [0x00000000de300000,0x00000000de300000,0x00000000de800000)
  to   space 5120K, 0% used [0x00000000dde00000,0x00000000dde00000,0x00000000de300000)
 ParOldGen       total 68608K, used 9950K [0x0000000081400000, 0x0000000085700000, 0x00000000d5c00000)
  object space 68608K, 14% used [0x0000000081400000,0x0000000081db7bd0,0x0000000085700000)
 Metaspace       used 30559K, capacity 30880K, committed 31232K, reserved 1077248K
  class space    used 4190K, capacity 4345K, committed 4352K, reserved 1048576K
Event: 4.407 GC heap after
Heap after GC invocations=6 (full 1):
 PSYoungGen      total 138240K, used 5109K [0x00000000d5c00000, 0x00000000e3480000, 0x0000000100000000)
  eden space 133120K, 0% used [0x00000000d5c00000,0x00000000d5c00000,0x00000000dde00000)
  from space 5120K, 99% used [0x00000000dde00000,0x00000000de2fd438,0x00000000de300000)
  to   space 15360K, 0% used [0x00000000e2580000,0x00000000e2580000,0x00000000e3480000)
 ParOldGen       total 68608K, used 17093K [0x0000000081400000, 0x0000000085700000, 0x00000000d5c00000)
  object space 68608K, 24% used [0x0000000081400000,0x00000000824b17d0,0x0000000085700000)
 Metaspace       used 30559K, capacity 30880K, committed 31232K, reserved 1077248K
  class space    used 4190K, capacity 4345K, committed 4352K, reserved 1048576K
}
Event: 5.273 GC heap before
{Heap before GC invocations=7 (full 1):
 PSYoungGen      total 138240K, used 89984K [0x00000000d5c00000, 0x00000000e3480000, 0x0000000100000000)
  eden space 133120K, 63% used [0x00000000d5c00000,0x00000000daee2c08,0x00000000dde00000)
  from space 5120K, 99% used [0x00000000dde00000,0x00000000de2fd438,0x00000000de300000)
  to   space 15360K, 0% used [0x00000000e2580000,0x00000000e2580000,0x00000000e3480000)
 ParOldGen       total 68608K, used 17093K [0x0000000081400000, 0x0000000085700000, 0x00000000d5c00000)
  object space 68608K, 24% used [0x0000000081400000,0x00000000824b17d0,0x0000000085700000)
 Metaspace       used 34539K, capacity 35278K, committed 35416K, reserved 1079296K
  class space    used 4717K, capacity 4962K, committed 4992K, reserved 1048576K
Event: 5.298 GC heap after
Heap after GC invocations=7 (full 1):
 PSYoungGen      total 205312K, used 12593K [0x00000000d5c00000, 0x00000000e3f00000, 0x0000000100000000)
  eden space 189952K, 0% used [0x00000000d5c00000,0x00000000d5c00000,0x00000000e1580000)
  from space 15360K, 81% used [0x00000000e2580000,0x00000000e31cc410,0x00000000e3480000)
  to   space 16384K, 0% used [0x00000000e1580000,0x00000000e1580000,0x00000000e2580000)
 ParOldGen       total 68608K, used 17101K [0x0000000081400000, 0x0000000085700000, 0x00000000d5c00000)
  object space 68608K, 24% used [0x0000000081400000,0x00000000824b37d0,0x0000000085700000)
 Metaspace       used 34539K, capacity 35278K, committed 35416K, reserved 1079296K
  class space    used 4717K, capacity 4962K, committed 4992K, reserved 1048576K
}
Event: 5.299 GC heap before
{Heap before GC invocations=8 (full 2):
 PSYoungGen      total 205312K, used 12593K [0x00000000d5c00000, 0x00000000e3f00000, 0x0000000100000000)
  eden space 189952K, 0% used [0x00000000d5c00000,0x00000000d5c00000,0x00000000e1580000)
  from space 15360K, 81% used [0x00000000e2580000,0x00000000e31cc410,0x00000000e3480000)
  to   space 16384K, 0% used [0x00000000e1580000,0x00000000e1580000,0x00000000e2580000)
 ParOldGen       total 68608K, used 17101K [0x0000000081400000, 0x0000000085700000, 0x00000000d5c00000)
  object space 68608K, 24% used [0x0000000081400000,0x00000000824b37d0,0x0000000085700000)
 Metaspace       used 34539K, capacity 35278K, committed 35416K, reserved 1079296K
  class space    used 4717K, capacity 4962K, committed 4992K, reserved 1048576K
Event: 5.404 GC heap after
Heap after GC invocations=8 (full 2):
 PSYoungGen      total 205312K, used 0K [0x00000000d5c00000, 0x00000000e3f00000, 0x0000000100000000)
  eden space 189952K, 0% used [0x00000000d5c00000,0x00000000d5c00000,0x00000000e1580000)
  from space 15360K, 0% used [0x00000000e2580000,0x00000000e2580000,0x00000000e3480000)
  to   space 16384K, 0% used [0x00000000e1580000,0x00000000e1580000,0x00000000e2580000)
 ParOldGen       total 112640K, used 19268K [0x0000000081400000, 0x0000000088200000, 0x00000000d5c00000)
  object space 112640K, 17% used [0x0000000081400000,0x00000000826d12b8,0x0000000088200000)
 Metaspace       used 34525K, capacity 35230K, committed 35416K, reserved 1079296K
  class space    used 4713K, capacity 4954K, committed 4992K, reserved 1048576K
}

